Determining if the pthread_create exist failed with the following output:
Change Dir: /home/seth/mapping_ws/build/CMakeFiles/CMakeTmp

Run Build Command:"/usr/bin/make" "cmTC_5eccc/fast"
/usr/bin/make -f CMakeFiles/cmTC_5eccc.dir/build.make CMakeFiles/cmTC_5eccc.dir/build
make[1]: Entering directory '/home/seth/mapping_ws/build/CMakeFiles/CMakeTmp'
Building C object CMakeFiles/cmTC_5eccc.dir/CheckSymbolExists.c.o
/usr/bin/cc     -o CMakeFiles/cmTC_5eccc.dir/CheckSymbolExists.c.o   -c /home/seth/mapping_ws/build/CMakeFiles/CMakeTmp/CheckSymbolExists.c
Linking C executable cmTC_5eccc
/usr/bin/cmake -E cmake_link_script CMakeFiles/cmTC_5eccc.dir/link.txt --verbose=1
/usr/bin/cc       CMakeFiles/cmTC_5eccc.dir/CheckSymbolExists.c.o  -o cmTC_5eccc -rdynamic 
CMakeFiles/cmTC_5eccc.dir/CheckSymbolExists.c.o: In function `main':
CheckSymbolExists.c:(.text+0x16): undefined reference to `pthread_create'
collect2: error: ld returned 1 exit status
CMakeFiles/cmTC_5eccc.dir/build.make:97: recipe for target 'cmTC_5eccc' failed
make[1]: *** [cmTC_5eccc] Error 1
make[1]: Leaving directory '/home/seth/mapping_ws/build/CMakeFiles/CMakeTmp'
Makefile:126: recipe for target 'cmTC_5eccc/fast' failed
make: *** [cmTC_5eccc/fast] Error 2

File /home/seth/mapping_ws/build/CMakeFiles/CMakeTmp/CheckSymbolExists.c:
/* */
#include <pthread.h>

int main(int argc, char** argv)
{
  (void)argv;
#ifndef pthread_create
  return ((int*)(&pthread_create))[argc];
#else
  (void)argc;
  return 0;
#endif
}

Determining if the function pthread_create exists in the pthreads failed with the following output:
Change Dir: /home/seth/mapping_ws/build/CMakeFiles/CMakeTmp

Run Build Command:"/usr/bin/make" "cmTC_dcc62/fast"
/usr/bin/make -f CMakeFiles/cmTC_dcc62.dir/build.make CMakeFiles/cmTC_dcc62.dir/build
make[1]: Entering directory '/home/seth/mapping_ws/build/CMakeFiles/CMakeTmp'
Building C object CMakeFiles/cmTC_dcc62.dir/CheckFunctionExists.c.o
/usr/bin/cc    -DCHECK_FUNCTION_EXISTS=pthread_create   -o CMakeFiles/cmTC_dcc62.dir/CheckFunctionExists.c.o   -c /usr/share/cmake-3.5/Modules/CheckFunctionExists.c
Linking C executable cmTC_dcc62
/usr/bin/cmake -E cmake_link_script CMakeFiles/cmTC_dcc62.dir/link.txt --verbose=1
/usr/bin/cc   -DCHECK_FUNCTION_EXISTS=pthread_create    CMakeFiles/cmTC_dcc62.dir/CheckFunctionExists.c.o  -o cmTC_dcc62 -rdynamic -lpthreads 
/usr/bin/ld: cannot find -lpthreads
collect2: error: ld returned 1 exit status
CMakeFiles/cmTC_dcc62.dir/build.make:97: recipe for target 'cmTC_dcc62' failed
make[1]: *** [cmTC_dcc62] Error 1
make[1]: Leaving directory '/home/seth/mapping_ws/build/CMakeFiles/CMakeTmp'
Makefile:126: recipe for target 'cmTC_dcc62/fast' failed
make: *** [cmTC_dcc62/fast] Error 2


